<?xml version="1.0" encoding="UTF-8"?>
<!-- Generated by org.testng.reporters.JUnitXMLReporter -->
<testsuite ignored="0" hostname="DESKTOP-C036CLP" failures="0" tests="6" name="Default test" time="2.997" errors="0" timestamp="2025-01-18T18:04:15 IST">
  <testcase classname="api.test.AuthenticationTest" name="createAccount" time="1.416"/>
  <testcase classname="api.test.AuthenticationTest" name="forgotPassword" time="0.612"/>
  <testcase classname="api.test.AuthenticationTest" name="login" time="0.215"/>
  <testcase classname="api.test.AuthenticationTest" name="resetPassword" time="0.147"/>
  <testcase classname="api.test.UserManagementTest" name="getProfileTest" time="0.239"/>
  <testcase classname="api.test.UserManagementTest" name="updateProfileTest" time="0.306"/>
</testsuite> <!-- Default test -->
