<?xml version="1.0" encoding="UTF-8"?>
<!-- Generated by org.testng.reporters.JUnitXMLReporter -->
<testsuite ignored="1" hostname="DESKTOP-C036CLP" failures="0" tests="1" name="Default test" time="1.769" errors="0" timestamp="2025-01-18T15:18:23 IST">
  <testcase classname="api.test.UserManagementTest" name="updateProfileTest" time="1.735"/>
  <testcase classname="api.test.UserManagementTest" name="getProfileTest" time="0.0">
    <ignored/>
  </testcase> <!-- getProfileTest -->
</testsuite> <!-- Default test -->
