<?xml version="1.0" encoding="UTF-8"?>
<!-- Generated by org.testng.reporters.JUnitXMLReporter -->
<testsuite ignored="0" hostname="DESKTOP-C036CLP" failures="0" tests="6" name="Test" time="3.316" errors="0" timestamp="2025-01-18T18:02:26 IST">
  <testcase classname="api.test.UserManagementTest" name="getProfileTest" time="1.697"/>
  <testcase classname="api.test.UserManagementTest" name="updateProfileTest" time="0.355"/>
  <testcase classname="api.test.AuthenticationTest" name="createAccount" time="0.088"/>
  <testcase classname="api.test.AuthenticationTest" name="forgotPassword" time="0.814"/>
  <testcase classname="api.test.AuthenticationTest" name="login" time="0.159"/>
  <testcase classname="api.test.AuthenticationTest" name="resetPassword" time="0.144"/>
</testsuite> <!-- Test -->
