<?xml version="1.0" encoding="UTF-8"?>
<testng-results ignored="0" total="1" passed="1" failed="0" skipped="0">
  <reporter-output>
  </reporter-output>
  <suite started-at="2025-01-12T17:42:44 IST" name="Default suite" finished-at="2025-01-12T17:42:45 IST" duration-ms="1243">
    <groups>
    </groups>
    <test started-at="2025-01-12T17:42:44 IST" name="Default test" finished-at="2025-01-12T17:42:45 IST" duration-ms="1243">
      <class name="api.test.AuthenticationTest">
        <test-method signature="createAccount()[pri:0, instance:api.test.AuthenticationTest@6ce1f601]" started-at="2025-01-12T17:42:44 IST" name="createAccount" finished-at="2025-01-12T17:42:45 IST" duration-ms="1197" status="PASS">
          <reporter-output>
          </reporter-output>
        </test-method> <!-- createAccount -->
      </class> <!-- api.test.AuthenticationTest -->
    </test> <!-- Default test -->
  </suite> <!-- Default suite -->
</testng-results>
