<?xml version="1.0" encoding="UTF-8"?>
<testng-results ignored="0" total="1" passed="1" failed="0" skipped="0">
  <reporter-output>
  </reporter-output>
  <suite started-at="2025-01-18T15:18:21 IST" name="Default suite" finished-at="2025-01-18T15:18:23 IST" duration-ms="1769">
    <groups>
    </groups>
    <test started-at="2025-01-18T15:18:21 IST" name="Default test" finished-at="2025-01-18T15:18:23 IST" duration-ms="1769">
      <class name="api.test.UserManagementTest">
        <test-method signature="updateProfileTest()[pri:0, instance:api.test.UserManagementTest@4be29ed9]" started-at="2025-01-18T15:18:21 IST" name="updateProfileTest" finished-at="2025-01-18T15:18:23 IST" duration-ms="1735" status="PASS">
          <reporter-output>
          </reporter-output>
        </test-method> <!-- updateProfileTest -->
      </class> <!-- api.test.UserManagementTest -->
    </test> <!-- Default test -->
  </suite> <!-- Default suite -->
</testng-results>
